SF:/home/lenovo/Documents/GitCode/MarriageGift/MarriageGift/MarriageGift/Model/OccasionModel/Birthday.cs
FN:10,System.String MarriageGift.Model.OccasionModel.Birthday::get_Person()
FNDA:1,System.String MarriageGift.Model.OccasionModel.Birthday::get_Person()
DA:11,1
FN:21,System.Boolean MarriageGift.Model.OccasionModel.Birthday::modifyOccasion(MarriageGift.Model.Interfaces.IOccassion)
FNDA:2,System.Boolean MarriageGift.Model.OccasionModel.Birthday::modifyOccasion(MarriageGift.Model.Interfaces.IOccassion)
DA:22,2
DA:23,2
DA:24,2
DA:25,1
DA:27,1
DA:28,1
DA:29,1
BRDA:24,14,0,1
BRDA:24,14,1,1
FN:12,System.Void MarriageGift.Model.OccasionModel.Birthday::.ctor(System.String,log4net.ILog)
FNDA:3,System.Void MarriageGift.Model.OccasionModel.Birthday::.ctor(System.String,log4net.ILog)
DA:13,3
DA:14,3
DA:15,3
DA:16,3
DA:17,3
DA:18,3
DA:19,3
LF:15
LH:15
BRF:2
BRH:2
FNF:3
FNH:3
end_of_record
SF:/home/lenovo/Documents/GitCode/MarriageGift/MarriageGift/MarriageGift/Model/OccasionModel/HouseWarming.cs
FN:17,System.String MarriageGift.Model.OccasionModel.HouseWarming::get_Owner()
FNDA:1,System.String MarriageGift.Model.OccasionModel.HouseWarming::get_Owner()
DA:18,1
FN:20,System.Boolean MarriageGift.Model.OccasionModel.HouseWarming::modifyOccasion(MarriageGift.Model.Interfaces.IOccassion)
FNDA:2,System.Boolean MarriageGift.Model.OccasionModel.HouseWarming::modifyOccasion(MarriageGift.Model.Interfaces.IOccassion)
DA:21,2
DA:22,2
DA:23,2
DA:24,1
DA:26,1
DA:27,1
DA:28,1
BRDA:23,14,0,1
BRDA:23,14,1,1
FN:9,System.Void MarriageGift.Model.OccasionModel.HouseWarming::.ctor(System.String,log4net.ILog)
FNDA:3,System.Void MarriageGift.Model.OccasionModel.HouseWarming::.ctor(System.String,log4net.ILog)
DA:10,3
DA:11,3
DA:12,3
DA:13,3
DA:14,3
DA:15,3
DA:16,3
LF:15
LH:15
BRF:2
BRH:2
FNF:3
FNH:3
end_of_record
SF:/home/lenovo/Documents/GitCode/MarriageGift/MarriageGift/MarriageGift/Model/OccasionModel/Marriage.cs
FN:18,System.String MarriageGift.Model.OccasionModel.Marriage::get_Bride()
FNDA:1,System.String MarriageGift.Model.OccasionModel.Marriage::get_Bride()
DA:19,1
FN:19,System.String MarriageGift.Model.OccasionModel.Marriage::get_Groom()
FNDA:1,System.String MarriageGift.Model.OccasionModel.Marriage::get_Groom()
DA:20,1
FN:22,System.Boolean MarriageGift.Model.OccasionModel.Marriage::modifyOccasion(MarriageGift.Model.Interfaces.IOccassion)
FNDA:2,System.Boolean MarriageGift.Model.OccasionModel.Marriage::modifyOccasion(MarriageGift.Model.Interfaces.IOccassion)
DA:23,2
DA:24,2
DA:25,2
DA:26,1
DA:28,1
DA:29,1
DA:30,1
DA:31,1
BRDA:25,14,0,1
BRDA:25,14,1,1
FN:9,System.Void MarriageGift.Model.OccasionModel.Marriage::.ctor(System.String,System.String,log4net.ILog)
FNDA:3,System.Void MarriageGift.Model.OccasionModel.Marriage::.ctor(System.String,System.String,log4net.ILog)
DA:10,3
DA:11,3
DA:12,3
DA:13,3
DA:14,3
DA:15,3
DA:16,3
DA:17,3
LF:18
LH:18
BRF:2
BRH:2
FNF:4
FNH:4
end_of_record
SF:/home/lenovo/Documents/GitCode/MarriageGift/MarriageGift/MarriageGift/Model/InvitationModel/Invitation.cs
FN:23,System.String MarriageGift.Model.InvitationModel.Invitation::get_InvitationId()
FNDA:32,System.String MarriageGift.Model.InvitationModel.Invitation::get_InvitationId()
DA:24,32
FN:25,System.Boolean MarriageGift.Model.InvitationModel.Invitation::get_IsAccepted()
FNDA:2,System.Boolean MarriageGift.Model.InvitationModel.Invitation::get_IsAccepted()
DA:26,2
FN:28,System.Boolean MarriageGift.Model.InvitationModel.Invitation::RespondToInvitation(System.Boolean)
FNDA:2,System.Boolean MarriageGift.Model.InvitationModel.Invitation::RespondToInvitation(System.Boolean)
DA:29,2
DA:30,2
DA:32,2
DA:33,2
DA:34,2
DA:35,2
DA:36,0
DA:37,0
DA:38,0
DA:39,0
DA:40,0
DA:41,2
DA:42,2
FN:43,MarriageGift.Model.Interfaces.IGiftCollection`1<MarriageGift.Model.Interfaces.IGift> MarriageGift.Model.InvitationModel.Invitation::GetRecievedGiftsForEvent()
FNDA:6,MarriageGift.Model.Interfaces.IGiftCollection`1<MarriageGift.Model.Interfaces.IGift> MarriageGift.Model.InvitationModel.Invitation::GetRecievedGiftsForEvent()
DA:44,6
DA:45,6
DA:46,6
FN:47,MarriageGift.Model.Interfaces.IGiftCollection`1<MarriageGift.Model.Interfaces.IGift> MarriageGift.Model.InvitationModel.Invitation::GetExpectedGiftsForEvent()
FNDA:12,MarriageGift.Model.Interfaces.IGiftCollection`1<MarriageGift.Model.Interfaces.IGift> MarriageGift.Model.InvitationModel.Invitation::GetExpectedGiftsForEvent()
DA:48,12
DA:49,12
DA:50,12
FN:52,System.Boolean MarriageGift.Model.InvitationModel.Invitation::AddGiftForEvent(MarriageGift.Model.Interfaces.IGift)
FNDA:9,System.Boolean MarriageGift.Model.InvitationModel.Invitation::AddGiftForEvent(MarriageGift.Model.Interfaces.IGift)
DA:53,9
DA:54,9
DA:55,9
FN:57,System.Boolean MarriageGift.Model.InvitationModel.Invitation::RemoveGiftForEvent(MarriageGift.Model.Interfaces.IGift)
FNDA:3,System.Boolean MarriageGift.Model.InvitationModel.Invitation::RemoveGiftForEvent(MarriageGift.Model.Interfaces.IGift)
DA:58,3
DA:59,3
DA:60,3
FN:62,System.Boolean MarriageGift.Model.InvitationModel.Invitation::AddCustomerToListofInvitees(MarriageGift.Model.Interfaces.ICustomer)
FNDA:16,System.Boolean MarriageGift.Model.InvitationModel.Invitation::AddCustomerToListofInvitees(MarriageGift.Model.Interfaces.ICustomer)
DA:63,16
DA:64,16
DA:65,16
FN:67,MarriageGift.Model.Interfaces.ICustomerCollection MarriageGift.Model.InvitationModel.Invitation::GetListofInvitees()
FNDA:2,MarriageGift.Model.Interfaces.ICustomerCollection MarriageGift.Model.InvitationModel.Invitation::GetListofInvitees()
DA:68,2
DA:69,2
DA:70,2
FN:14,System.Void MarriageGift.Model.InvitationModel.Invitation::.ctor(System.String,MarriageGift.Model.Interfaces.IEvent,MarriageGift.Model.Interfaces.ICustomerCollection,log4net.ILog)
FNDA:25,System.Void MarriageGift.Model.InvitationModel.Invitation::.ctor(System.String,MarriageGift.Model.Interfaces.IEvent,MarriageGift.Model.Interfaces.ICustomerCollection,log4net.ILog)
DA:15,25
DA:16,25
DA:17,25
DA:18,25
DA:19,25
DA:20,25
DA:21,25
DA:22,25
LF:41
LH:36
BRF:0
BRH:0
FNF:10
FNH:10
end_of_record
SF:/home/lenovo/Documents/GitCode/MarriageGift/MarriageGift/MarriageGift/Model/InvitationModel/InvitationCollection.cs
FN:17,System.Boolean MarriageGift.Model.InvitationModel.InvitationCollection::AddInvitation(MarriageGift.Model.Interfaces.IInvitation,MarriageGift.Model.Interfaces.ICustomer)
FNDA:19,System.Boolean MarriageGift.Model.InvitationModel.InvitationCollection::AddInvitation(MarriageGift.Model.Interfaces.IInvitation,MarriageGift.Model.Interfaces.ICustomer)
DA:18,19
DA:19,19
DA:20,19
DA:21,3
DA:23,16
DA:24,16
DA:25,16
DA:26,16
BRDA:20,14,0,3
BRDA:20,14,1,16
FN:28,System.Boolean MarriageGift.Model.InvitationModel.InvitationCollection::RemoveInvitation(MarriageGift.Model.Interfaces.IInvitation)
FNDA:1,System.Boolean MarriageGift.Model.InvitationModel.InvitationCollection::RemoveInvitation(MarriageGift.Model.Interfaces.IInvitation)
DA:29,1
DA:30,1
DA:31,1
DA:32,0
DA:34,1
DA:35,1
DA:36,1
BRDA:31,14,0,0
BRDA:31,14,1,1
FN:37,MarriageGift.Model.Interfaces.IInvitation MarriageGift.Model.InvitationModel.InvitationCollection::GetInvitationById(System.String)
FNDA:21,MarriageGift.Model.Interfaces.IInvitation MarriageGift.Model.InvitationModel.InvitationCollection::GetInvitationById(System.String)
DA:38,21
DA:39,21
DA:41,21
DA:42,21
DA:43,16
DA:44,21
DA:45,0
DA:46,0
DA:47,0
DA:48,0
DA:49,0
DA:50,21
DA:51,21
BRDA:42,18,0,16
BRDA:42,18,1,21
FN:52,System.Int32 MarriageGift.Model.InvitationModel.InvitationCollection::Count()
FNDA:2,System.Int32 MarriageGift.Model.InvitationModel.InvitationCollection::Count()
DA:53,2
DA:54,2
DA:55,2
FN:11,System.Void MarriageGift.Model.InvitationModel.InvitationCollection::.ctor(log4net.ILog)
FNDA:27,System.Void MarriageGift.Model.InvitationModel.InvitationCollection::.ctor(log4net.ILog)
DA:12,27
DA:13,27
DA:14,27
DA:15,27
DA:16,27
LF:36
LH:30
BRF:6
BRH:5
FNF:5
FNH:5
end_of_record
SF:/home/lenovo/Documents/GitCode/MarriageGift/MarriageGift/MarriageGift/Model/GiftModel/Gift.cs
FN:17,System.String MarriageGift.Model.GiftModel.Gift::get_GiftId()
FNDA:6,System.String MarriageGift.Model.GiftModel.Gift::get_GiftId()
DA:18,6
DA:19,6
DA:20,6
FN:22,System.String MarriageGift.Model.GiftModel.Gift::get_Name()
FNDA:0,System.String MarriageGift.Model.GiftModel.Gift::get_Name()
DA:23,0
FN:23,MarriageGift.Enums.GiftItemType MarriageGift.Model.GiftModel.Gift::get_GiftItemType()
FNDA:0,MarriageGift.Enums.GiftItemType MarriageGift.Model.GiftModel.Gift::get_GiftItemType()
DA:24,0
FN:24,System.Double MarriageGift.Model.GiftModel.Gift::get_Price()
FNDA:2,System.Double MarriageGift.Model.GiftModel.Gift::get_Price()
DA:25,2
FN:52,System.Boolean MarriageGift.Model.GiftModel.Gift::ModifyGift(MarriageGift.Model.Interfaces.IGift)
FNDA:2,System.Boolean MarriageGift.Model.GiftModel.Gift::ModifyGift(MarriageGift.Model.Interfaces.IGift)
DA:53,2
DA:54,2
DA:56,2
DA:57,2
DA:58,2
DA:59,1
DA:60,1
DA:61,1
DA:62,1
DA:63,1
DA:64,1
DA:65,1
DA:66,1
DA:67,1
DA:68,1
DA:69,2
DA:70,2
BRDA:58,17,0,1
BRDA:58,17,1,1
FN:72,System.Int32 MarriageGift.Model.GiftModel.Gift::CompareTo(System.Object)
FNDA:2,System.Int32 MarriageGift.Model.GiftModel.Gift::CompareTo(System.Object)
DA:73,2
DA:74,2
DA:75,2
DA:76,2
DA:77,0
DA:78,2
BRDA:75,14,0,2
BRDA:75,14,1,0
FN:79,System.String MarriageGift.Model.GiftModel.Gift::GetGiftId()
FNDA:21,System.String MarriageGift.Model.GiftModel.Gift::GetGiftId()
DA:80,21
DA:81,21
DA:82,21
FN:27,System.Void MarriageGift.Model.GiftModel.Gift::.ctor(System.String,System.String,MarriageGift.Enums.GiftItemType,System.Double,log4net.ILog)
FNDA:6,System.Void MarriageGift.Model.GiftModel.Gift::.ctor(System.String,System.String,MarriageGift.Enums.GiftItemType,System.Double,log4net.ILog)
DA:28,6
DA:29,6
DA:30,6
DA:31,6
DA:32,6
DA:33,6
DA:34,6
DA:35,6
FN:35,System.Void MarriageGift.Model.GiftModel.Gift::.ctor(System.String,MarriageGift.Enums.GiftItemType,System.Double,log4net.ILog)
FNDA:7,System.Void MarriageGift.Model.GiftModel.Gift::.ctor(System.String,MarriageGift.Enums.GiftItemType,System.Double,log4net.ILog)
DA:36,7
DA:37,7
DA:38,7
DA:39,7
DA:40,7
DA:41,7
DA:42,7
DA:43,7
FN:43,System.Void MarriageGift.Model.GiftModel.Gift::.ctor(MarriageGift.Model.Interfaces.IGift)
FNDA:1,System.Void MarriageGift.Model.GiftModel.Gift::.ctor(MarriageGift.Model.Interfaces.IGift)
DA:44,1
DA:45,1
DA:46,1
DA:47,1
DA:48,1
DA:49,1
DA:50,1
DA:51,1
LF:56
LH:53
BRF:4
BRH:3
FNF:10
FNH:8
end_of_record
SF:/home/lenovo/Documents/GitCode/MarriageGift/MarriageGift/MarriageGift/Model/GiftModel/GiftCollection.cs
FN:22,System.Boolean MarriageGift.Model.GiftModel.GiftCollection::AddGift(MarriageGift.Model.Interfaces.IGift)
FNDA:40,System.Boolean MarriageGift.Model.GiftModel.GiftCollection::AddGift(MarriageGift.Model.Interfaces.IGift)
DA:23,40
DA:24,40
DA:26,40
DA:27,40
DA:28,39
DA:29,39
DA:30,1
DA:31,1
DA:32,1
DA:34,39
DA:35,39
FN:37,System.Int32 MarriageGift.Model.GiftModel.GiftCollection::Count()
FNDA:22,System.Int32 MarriageGift.Model.GiftModel.GiftCollection::Count()
DA:38,22
DA:39,22
DA:40,22
FN:42,MarriageGift.Model.Interfaces.IGift MarriageGift.Model.GiftModel.GiftCollection::GetGiftById(System.String)
FNDA:20,MarriageGift.Model.Interfaces.IGift MarriageGift.Model.GiftModel.GiftCollection::GetGiftById(System.String)
DA:43,20
DA:44,20
DA:46,20
DA:47,20
DA:48,15
DA:49,15
DA:50,15
DA:51,20
DA:52,0
DA:53,0
DA:54,0
DA:55,0
DA:56,0
DA:57,20
DA:58,20
BRDA:47,18,0,15
BRDA:47,18,1,20
FN:60,System.Boolean MarriageGift.Model.GiftModel.GiftCollection::RemoveGift(MarriageGift.Model.Interfaces.IGift)
FNDA:22,System.Boolean MarriageGift.Model.GiftModel.GiftCollection::RemoveGift(MarriageGift.Model.Interfaces.IGift)
DA:61,22
DA:62,22
DA:64,22
DA:65,22
DA:66,18
DA:67,18
DA:68,18
DA:69,18
DA:70,21
DA:71,1
DA:72,1
DA:73,1
DA:75,21
DA:76,21
BRDA:65,23,0,18
BRDA:65,23,1,21
FN:11,System.Void MarriageGift.Model.GiftModel.GiftCollection::.ctor(System.Collections.Generic.IDictionary`2<System.String,MarriageGift.Model.Interfaces.IGift>,log4net.ILog)
FNDA:73,System.Void MarriageGift.Model.GiftModel.GiftCollection::.ctor(System.Collections.Generic.IDictionary`2<System.String,MarriageGift.Model.Interfaces.IGift>,log4net.ILog)
DA:12,73
DA:13,73
DA:14,73
DA:15,73
DA:16,73
FN:16,System.Void MarriageGift.Model.GiftModel.GiftCollection::.ctor(log4net.ILog)
FNDA:14,System.Void MarriageGift.Model.GiftModel.GiftCollection::.ctor(log4net.ILog)
DA:17,14
DA:18,14
DA:19,14
DA:20,14
DA:21,14
LF:53
LH:48
BRF:4
BRH:4
FNF:6
FNH:6
end_of_record
SF:/home/lenovo/Documents/GitCode/MarriageGift/MarriageGift/MarriageGift/Model/GiftModel/PresentableGift.cs
FN:10,System.String MarriageGift.Model.GiftModel.PresentableGift::get_PresentableGiftId()
FNDA:0,System.String MarriageGift.Model.GiftModel.PresentableGift::get_PresentableGiftId()
DA:11,0
FN:12,System.String MarriageGift.Model.GiftModel.PresentableGift::get_Presenter()
FNDA:1,System.String MarriageGift.Model.GiftModel.PresentableGift::get_Presenter()
DA:13,1
FN:15,System.Void MarriageGift.Model.GiftModel.PresentableGift::.ctor(System.String,MarriageGift.Model.Interfaces.IGift)
FNDA:1,System.Void MarriageGift.Model.GiftModel.PresentableGift::.ctor(System.String,MarriageGift.Model.Interfaces.IGift)
DA:16,1
DA:17,1
DA:18,1
DA:19,1
DA:20,1
LF:7
LH:6
BRF:0
BRH:0
FNF:3
FNH:2
end_of_record
SF:/home/lenovo/Documents/GitCode/MarriageGift/MarriageGift/MarriageGift/Model/EventModel/Event.cs
FN:19,System.String MarriageGift.Model.EventModel.Event::get_EventId()
FNDA:0,System.String MarriageGift.Model.EventModel.Event::get_EventId()
DA:20,0
FN:21,System.String MarriageGift.Model.EventModel.Event::get_CustId()
FNDA:2,System.String MarriageGift.Model.EventModel.Event::get_CustId()
DA:22,2
FN:23,System.Boolean MarriageGift.Model.EventModel.Event::get_IsCanceled()
FNDA:0,System.Boolean MarriageGift.Model.EventModel.Event::get_IsCanceled()
DA:24,0
FN:24,System.DateTime MarriageGift.Model.EventModel.Event::get_Date()
FNDA:1,System.DateTime MarriageGift.Model.EventModel.Event::get_Date()
DA:25,1
FN:25,System.String MarriageGift.Model.EventModel.Event::get_Place()
FNDA:2,System.String MarriageGift.Model.EventModel.Event::get_Place()
DA:26,2
FN:41,System.Boolean MarriageGift.Model.EventModel.Event::Cancel(System.Boolean)
FNDA:2,System.Boolean MarriageGift.Model.EventModel.Event::Cancel(System.Boolean)
DA:42,2
DA:43,2
DA:45,2
DA:46,2
DA:47,2
DA:48,2
DA:49,0
DA:50,0
DA:51,0
DA:52,0
DA:53,0
DA:54,2
DA:55,2
FN:57,System.Boolean MarriageGift.Model.EventModel.Event::ModifyDate(System.DateTime)
FNDA:2,System.Boolean MarriageGift.Model.EventModel.Event::ModifyDate(System.DateTime)
DA:58,2
DA:59,2
DA:61,2
DA:62,2
DA:63,2
DA:64,2
DA:65,0
DA:66,0
DA:67,0
DA:68,0
DA:69,2
DA:70,2
FN:72,System.Boolean MarriageGift.Model.EventModel.Event::ModifyPlace(System.String)
FNDA:2,System.Boolean MarriageGift.Model.EventModel.Event::ModifyPlace(System.String)
DA:73,2
DA:74,2
DA:76,2
DA:77,2
DA:78,2
DA:79,2
DA:80,0
DA:81,0
DA:82,0
DA:83,0
DA:84,2
DA:85,2
FN:86,System.Boolean MarriageGift.Model.EventModel.Event::AddExpectedGift(MarriageGift.Model.Interfaces.IGift)
FNDA:13,System.Boolean MarriageGift.Model.EventModel.Event::AddExpectedGift(MarriageGift.Model.Interfaces.IGift)
DA:87,13
DA:88,13
DA:89,12
DA:90,12
FN:91,System.Boolean MarriageGift.Model.EventModel.Event::RemoveExpectedGift(MarriageGift.Model.Interfaces.IGift)
FNDA:2,System.Boolean MarriageGift.Model.EventModel.Event::RemoveExpectedGift(MarriageGift.Model.Interfaces.IGift)
DA:92,2
DA:93,2
DA:94,1
DA:95,1
FN:96,System.Boolean MarriageGift.Model.EventModel.Event::AddRecievedGifts(MarriageGift.Model.Interfaces.IGift)
FNDA:13,System.Boolean MarriageGift.Model.EventModel.Event::AddRecievedGifts(MarriageGift.Model.Interfaces.IGift)
DA:97,13
DA:98,13
DA:99,13
DA:100,13
DA:101,12
DA:102,13
DA:103,13
BRDA:100,19,0,12
BRDA:100,19,1,13
FN:104,System.Boolean MarriageGift.Model.EventModel.Event::RemoveRecievedGifts(MarriageGift.Model.Interfaces.IGift)
FNDA:5,System.Boolean MarriageGift.Model.EventModel.Event::RemoveRecievedGifts(MarriageGift.Model.Interfaces.IGift)
DA:105,5
DA:106,5
DA:107,5
DA:108,5
DA:109,4
DA:110,5
DA:111,5
BRDA:108,19,0,4
BRDA:108,19,1,5
FN:113,MarriageGift.Model.Interfaces.IGiftCollection`1<MarriageGift.Model.Interfaces.IGift> MarriageGift.Model.EventModel.Event::ExpectedGiftCollection()
FNDA:20,MarriageGift.Model.Interfaces.IGiftCollection`1<MarriageGift.Model.Interfaces.IGift> MarriageGift.Model.EventModel.Event::ExpectedGiftCollection()
DA:114,20
DA:115,20
DA:116,20
FN:117,MarriageGift.Model.Interfaces.IGiftCollection`1<MarriageGift.Model.Interfaces.IGift> MarriageGift.Model.EventModel.Event::RecievedGiftCollection()
FNDA:14,MarriageGift.Model.Interfaces.IGiftCollection`1<MarriageGift.Model.Interfaces.IGift> MarriageGift.Model.EventModel.Event::RecievedGiftCollection()
DA:118,14
DA:119,14
DA:120,14
FN:27,System.Void MarriageGift.Model.EventModel.Event::.ctor(MarriageGift.Model.Interfaces.IOccassion,System.String,System.DateTime,MarriageGift.Model.Interfaces.IGiftCollection`1<MarriageGift.Model.Interfaces.IGift>,MarriageGift.Model.Interfaces.IGiftCollection`1<MarriageGift.Model.Interfaces.IGift>,System.String,log4net.ILog)
FNDA:39,System.Void MarriageGift.Model.EventModel.Event::.ctor(MarriageGift.Model.Interfaces.IOccassion,System.String,System.DateTime,MarriageGift.Model.Interfaces.IGiftCollection`1<MarriageGift.Model.Interfaces.IGift>,MarriageGift.Model.Interfaces.IGiftCollection`1<MarriageGift.Model.Interfaces.IGift>,System.String,log4net.ILog)
DA:28,39
DA:29,39
DA:30,39
DA:31,39
DA:32,39
DA:33,39
DA:34,39
DA:35,39
DA:36,39
DA:37,39
DA:38,39
DA:39,39
LF:82
LH:67
BRF:4
BRH:4
FNF:15
FNH:13
end_of_record
SF:/home/lenovo/Documents/GitCode/MarriageGift/MarriageGift/MarriageGift/Model/EventModel/EventCollection.cs
FN:17,System.Boolean MarriageGift.Model.EventModel.EventCollection::AddEvent(MarriageGift.Model.Interfaces.IEvent)
FNDA:13,System.Boolean MarriageGift.Model.EventModel.EventCollection::AddEvent(MarriageGift.Model.Interfaces.IEvent)
DA:18,13
DA:19,13
DA:20,13
DA:21,13
DA:22,1
DA:24,12
DA:25,12
DA:26,12
DA:27,12
DA:28,0
DA:29,0
DA:30,0
DA:32,12
DA:33,12
BRDA:21,16,0,1
BRDA:21,16,1,12
FN:35,System.Boolean MarriageGift.Model.EventModel.EventCollection::RemoveEvent(MarriageGift.Model.Interfaces.IEvent)
FNDA:3,System.Boolean MarriageGift.Model.EventModel.EventCollection::RemoveEvent(MarriageGift.Model.Interfaces.IEvent)
DA:36,3
DA:37,3
DA:38,3
DA:39,3
DA:40,1
DA:42,2
DA:43,1
DA:44,1
DA:47,1
DA:48,1
DA:49,1
DA:50,1
DA:51,1
DA:52,1
BRDA:39,16,0,1
BRDA:39,16,1,2
BRDA:42,51,0,1
BRDA:42,51,1,1
FN:53,MarriageGift.Model.Interfaces.IEventCollection MarriageGift.Model.EventModel.EventCollection::AddEventsToCollection(System.Collections.Generic.IEnumerable`1<MarriageGift.Model.Interfaces.IEvent>)
FNDA:2,MarriageGift.Model.Interfaces.IEventCollection MarriageGift.Model.EventModel.EventCollection::AddEventsToCollection(System.Collections.Generic.IEnumerable`1<MarriageGift.Model.Interfaces.IEvent>)
DA:54,2
DA:55,2
DA:57,2
DA:58,8
DA:59,1
DA:60,1
DA:61,1
DA:62,2
DA:63,0
DA:64,0
DA:65,0
DA:68,2
DA:69,2
BRDA:58,41,1,1
BRDA:58,41,0,2
FN:70,MarriageGift.Model.Interfaces.IEvent MarriageGift.Model.EventModel.EventCollection::GetEventById(System.String)
FNDA:6,MarriageGift.Model.Interfaces.IEvent MarriageGift.Model.EventModel.EventCollection::GetEventById(System.String)
DA:71,6
DA:72,6
DA:74,6
DA:75,6
DA:76,3
DA:77,3
DA:78,3
DA:79,6
DA:80,0
DA:81,0
DA:82,0
DA:84,6
DA:85,6
BRDA:75,18,0,3
BRDA:75,18,1,6
FN:86,MarriageGift.Model.Interfaces.IEventCollection MarriageGift.Model.EventModel.EventCollection::GetEventsByCustId(System.String)
FNDA:2,MarriageGift.Model.Interfaces.IEventCollection MarriageGift.Model.EventModel.EventCollection::GetEventsByCustId(System.String)
DA:87,2
DA:88,2
DA:89,2
DA:90,2
DA:91,4
DA:92,3
DA:93,2
DA:94,2
DA:95,0
DA:96,0
DA:97,0
DA:98,0
DA:99,2
DA:100,2
FN:101,System.Int32 MarriageGift.Model.EventModel.EventCollection::Count()
FNDA:2,System.Int32 MarriageGift.Model.EventModel.EventCollection::Count()
DA:102,2
DA:103,2
DA:104,2
FN:12,System.Void MarriageGift.Model.EventModel.EventCollection::.ctor()
FNDA:14,System.Void MarriageGift.Model.EventModel.EventCollection::.ctor()
DA:13,14
DA:14,14
DA:15,14
DA:16,14
LF:75
LH:62
BRF:10
BRH:10
FNF:7
FNH:7
end_of_record
SF:/home/lenovo/Documents/GitCode/MarriageGift/MarriageGift/MarriageGift/Model/CustomerModel/Customer.cs
FN:14,System.String MarriageGift.Model.CustomerModel.Customer::get_CustId()
FNDA:22,System.String MarriageGift.Model.CustomerModel.Customer::get_CustId()
DA:15,22
FN:25,System.Boolean MarriageGift.Model.CustomerModel.Customer::AddMyEvents(MarriageGift.Model.Interfaces.IEvent)
FNDA:7,System.Boolean MarriageGift.Model.CustomerModel.Customer::AddMyEvents(MarriageGift.Model.Interfaces.IEvent)
DA:26,7
DA:27,7
DA:28,7
DA:29,7
FN:31,System.Boolean MarriageGift.Model.CustomerModel.Customer::AddMyInvitations(MarriageGift.Model.Interfaces.IInvitation)
FNDA:13,System.Boolean MarriageGift.Model.CustomerModel.Customer::AddMyInvitations(MarriageGift.Model.Interfaces.IInvitation)
DA:32,13
DA:33,13
DA:34,12
DA:35,12
FN:36,System.Boolean MarriageGift.Model.CustomerModel.Customer::CancelEvent(System.String)
FNDA:2,System.Boolean MarriageGift.Model.CustomerModel.Customer::CancelEvent(System.String)
DA:37,2
DA:38,2
DA:39,2
DA:40,2
DA:41,1
DA:42,1
DA:43,1
DA:44,1
BRDA:40,22,0,1
BRDA:40,22,1,1
FN:46,System.Boolean MarriageGift.Model.CustomerModel.Customer::ChangeEventTime(System.String,System.DateTime)
FNDA:2,System.Boolean MarriageGift.Model.CustomerModel.Customer::ChangeEventTime(System.String,System.DateTime)
DA:47,2
DA:48,2
DA:49,2
DA:50,2
DA:51,1
DA:52,1
DA:53,1
DA:54,1
BRDA:50,22,0,1
BRDA:50,22,1,1
FN:56,System.Boolean MarriageGift.Model.CustomerModel.Customer::ChangeEventVenue(System.String,System.String)
FNDA:2,System.Boolean MarriageGift.Model.CustomerModel.Customer::ChangeEventVenue(System.String,System.String)
DA:57,2
DA:58,2
DA:59,2
DA:60,2
DA:61,1
DA:62,1
DA:63,1
DA:64,1
BRDA:60,22,0,1
BRDA:60,22,1,1
FN:66,System.Boolean MarriageGift.Model.CustomerModel.Customer::RespondToInvitation(System.String,System.Boolean)
FNDA:2,System.Boolean MarriageGift.Model.CustomerModel.Customer::RespondToInvitation(System.String,System.Boolean)
DA:67,2
DA:68,2
DA:69,2
DA:70,2
DA:71,1
DA:72,1
DA:73,1
DA:74,1
BRDA:70,22,0,1
BRDA:70,22,1,1
FN:76,System.Boolean MarriageGift.Model.CustomerModel.Customer::BuyGiftForInvitation(System.String,System.String)
FNDA:11,System.Boolean MarriageGift.Model.CustomerModel.Customer::BuyGiftForInvitation(System.String,System.String)
DA:77,11
DA:78,11
DA:79,11
DA:80,11
DA:81,1
DA:82,10
DA:83,10
DA:84,1
DA:85,9
DA:86,9
DA:87,9
BRDA:80,22,0,1
BRDA:80,22,1,10
BRDA:83,52,0,1
BRDA:83,52,1,9
FN:89,System.Boolean MarriageGift.Model.CustomerModel.Customer::ModifyGiftForInvitation(System.String,System.String,System.String)
FNDA:3,System.Boolean MarriageGift.Model.CustomerModel.Customer::ModifyGiftForInvitation(System.String,System.String,System.String)
DA:90,3
DA:91,3
DA:92,2
DA:93,2
DA:94,2
FN:96,System.Boolean MarriageGift.Model.CustomerModel.Customer::RemoveGiftForInvitation(System.String,System.String)
FNDA:6,System.Boolean MarriageGift.Model.CustomerModel.Customer::RemoveGiftForInvitation(System.String,System.String)
DA:97,6
DA:98,6
DA:99,6
DA:100,6
DA:101,2
DA:102,4
DA:103,4
DA:104,1
DA:105,3
DA:106,3
DA:107,3
BRDA:100,22,0,2
BRDA:100,22,1,4
BRDA:103,52,0,1
BRDA:103,52,1,3
FN:16,System.Void MarriageGift.Model.CustomerModel.Customer::.ctor(System.String,MarriageGift.Model.Interfaces.IInvitationCollection,MarriageGift.Model.Interfaces.IEventCollection,log4net.ILog)
FNDA:27,System.Void MarriageGift.Model.CustomerModel.Customer::.ctor(System.String,MarriageGift.Model.Interfaces.IInvitationCollection,MarriageGift.Model.Interfaces.IEventCollection,log4net.ILog)
DA:17,27
DA:18,27
DA:19,27
DA:20,27
DA:21,27
DA:22,27
DA:23,27
DA:24,27
LF:76
LH:76
BRF:16
BRH:16
FNF:11
FNH:11
end_of_record
SF:/home/lenovo/Documents/GitCode/MarriageGift/MarriageGift/MarriageGift/Model/CustomerModel/CustomerCollection.cs
FN:20,System.Boolean MarriageGift.Model.CustomerModel.CustomerCollection::AddCustomer(MarriageGift.Model.Interfaces.ICustomer)
FNDA:7,System.Boolean MarriageGift.Model.CustomerModel.CustomerCollection::AddCustomer(MarriageGift.Model.Interfaces.ICustomer)
DA:21,7
DA:22,7
DA:23,7
DA:24,1
DA:25,6
DA:26,6
DA:27,6
BRDA:23,14,0,1
BRDA:23,14,1,6
FN:28,System.Int32 MarriageGift.Model.CustomerModel.CustomerCollection::Count()
FNDA:2,System.Int32 MarriageGift.Model.CustomerModel.CustomerCollection::Count()
DA:29,2
DA:30,2
DA:31,2
FN:13,System.Void MarriageGift.Model.CustomerModel.CustomerCollection::.ctor(log4net.ILog)
FNDA:17,System.Void MarriageGift.Model.CustomerModel.CustomerCollection::.ctor(log4net.ILog)
DA:14,17
DA:15,17
DA:16,17
DA:17,17
DA:18,17
LF:15
LH:15
BRF:2
BRH:2
FNF:3
FNH:3
end_of_record
SF:/home/lenovo/Documents/GitCode/MarriageGift/MarriageGift/MarriageGift/Exceptions/CollectionException.cs
FN:6,System.Void MarriageGift.Exceptions.CollectionException::.ctor(System.String)
FNDA:3,System.Void MarriageGift.Exceptions.CollectionException::.ctor(System.String)
DA:7,3
DA:8,3
DA:10,3
LF:3
LH:3
BRF:0
BRH:0
FNF:1
FNH:1
end_of_record
SF:/home/lenovo/Documents/GitCode/MarriageGift/MarriageGift/MarriageGift/Exceptions/EventCollectionAddException.cs
FN:4,System.Void MarriageGift.Exceptions.EventCollectionAddException::.ctor(System.String)
FNDA:0,System.Void MarriageGift.Exceptions.EventCollectionAddException::.ctor(System.String)
DA:5,0
DA:6,0
DA:8,0
LF:3
LH:0
BRF:0
BRH:0
FNF:1
FNH:0
end_of_record
SF:/home/lenovo/Documents/GitCode/MarriageGift/MarriageGift/MarriageGift/Exceptions/EventCollectionRemoveException.cs
FN:4,System.Void MarriageGift.Exceptions.EventCollectionRemoveException::.ctor(System.String)
FNDA:1,System.Void MarriageGift.Exceptions.EventCollectionRemoveException::.ctor(System.String)
DA:5,1
DA:6,1
DA:8,1
LF:3
LH:3
BRF:0
BRH:0
FNF:1
FNH:1
end_of_record
SF:/home/lenovo/Documents/GitCode/MarriageGift/MarriageGift/MarriageGift/Exceptions/EventNotFoundException.cs
FN:6,System.Void MarriageGift.Exceptions.EventNotFoundException::.ctor(System.String)
FNDA:3,System.Void MarriageGift.Exceptions.EventNotFoundException::.ctor(System.String)
DA:7,3
DA:8,3
DA:10,3
LF:3
LH:3
BRF:0
BRH:0
FNF:1
FNH:1
end_of_record
SF:/home/lenovo/Documents/GitCode/MarriageGift/MarriageGift/MarriageGift/Exceptions/GiftCollectionAddException.cs
FN:4,System.Void MarriageGift.Exceptions.GiftCollectionAddException::.ctor(System.String)
FNDA:1,System.Void MarriageGift.Exceptions.GiftCollectionAddException::.ctor(System.String)
DA:5,1
DA:6,1
DA:8,1
LF:3
LH:3
BRF:0
BRH:0
FNF:1
FNH:1
end_of_record
SF:/home/lenovo/Documents/GitCode/MarriageGift/MarriageGift/MarriageGift/Exceptions/GiftCollectionRemoveException.cs
FN:6,System.Void MarriageGift.Exceptions.GiftCollectionRemoveException::.ctor(System.String)
FNDA:1,System.Void MarriageGift.Exceptions.GiftCollectionRemoveException::.ctor(System.String)
DA:7,1
DA:8,1
DA:10,1
LF:3
LH:3
BRF:0
BRH:0
FNF:1
FNH:1
end_of_record
SF:/home/lenovo/Documents/GitCode/MarriageGift/MarriageGift/MarriageGift/Exceptions/GiftNotFoundException.cs
FN:5,System.Void MarriageGift.Exceptions.GiftNotFoundException::.ctor(System.String)
FNDA:2,System.Void MarriageGift.Exceptions.GiftNotFoundException::.ctor(System.String)
DA:6,2
DA:7,2
DA:9,2
LF:3
LH:3
BRF:0
BRH:0
FNF:1
FNH:1
end_of_record
SF:/home/lenovo/Documents/GitCode/MarriageGift/MarriageGift/MarriageGift/Exceptions/InvitationNotFoundException.cs
FN:9,System.Void MarriageGift.Exceptions.InvitationNotFoundException::.ctor(System.String)
FNDA:4,System.Void MarriageGift.Exceptions.InvitationNotFoundException::.ctor(System.String)
DA:10,4
DA:11,4
DA:13,4
LF:3
LH:3
BRF:0
BRH:0
FNF:1
FNH:1
end_of_record